#
# There is insufficient memory for the Java Runtime Environment to continue.
# Native memory allocation (mmap) failed to map 266338304 bytes for G1 virtual space
# Possible reasons:
#   The system is out of physical RAM or swap space
#   The process is running with CompressedOops enabled, and the Java Heap may be blocking the growth of the native heap
# Possible solutions:
#   Reduce memory load on the system
#   Increase physical memory or swap space
#   Check if swap backing store is full
#   Decrease Java heap size (-Xmx/-Xms)
#   Decrease number of Java threads
#   Decrease Java thread stack sizes (-Xss)
#   Set larger code cache with -XX:ReservedCodeCacheSize=
#   JVM is running with Zero Based Compressed Oops mode in which the Java heap is
#     placed in the first 32GB address space. The Java Heap base address is the
#     maximum limit for the native heap growth. Please use -XX:HeapBaseMinAddress
#     to set the Java Heap base and to place the Java Heap above 32GB virtual address.
# This output file may be truncated or incomplete.
#
#  Out of Memory Error (os_windows.cpp:3825), pid=12308, tid=18088
#
# JRE version:  (17.0.10) (build )
# Java VM: OpenJDK 64-Bit Server VM (17.0.10+0--11572160, mixed mode, sharing, tiered, compressed oops, compressed class ptrs, g1 gc, windows-amd64)
# No core dump will be written. Minidumps are not enabled by default on client versions of Windows
#

---------------  S U M M A R Y ------------

Command Line: git4idea.http.GitAskPassApp Username for 'https://github.com': 

Host: Intel(R) Core(TM) i7-1065G7 CPU @ 1.30GHz, 8 cores, 15G,  Windows 11 , 64 bit Build 22621 (10.0.22621.3672)
Time: Fri Jun 21 21:53:53 2024 SE Asia Standard Time elapsed time: 0.022097 seconds (0d 0h 0m 0s)

---------------  T H R E A D  ---------------

Current thread (0x0000027df5382fc0):  JavaThread "Unknown thread" [_thread_in_vm, id=18088, stack(0x0000008afbd00000,0x0000008afbe00000)]

Stack: [0x0000008afbd00000,0x0000008afbe00000]
Native frames: (J=compiled Java code, j=interpreted, Vv=VM code, C=native code)
V  [jvm.dll+0x688e89]
V  [jvm.dll+0x84247a]
V  [jvm.dll+0x8440be]
V  [jvm.dll+0x844723]
V  [jvm.dll+0x24be0f]
V  [jvm.dll+0x685c59]
V  [jvm.dll+0x67a50a]
V  [jvm.dll+0x30cbab]
V  [jvm.dll+0x314056]
V  [jvm.dll+0x363dce]
V  [jvm.dll+0x363fff]
V  [jvm.dll+0x2e2978]
V  [jvm.dll+0x2e38e4]
V  [jvm.dll+0x813011]
V  [jvm.dll+0x371c81]
V  [jvm.dll+0x7f1b66]
V  [jvm.dll+0x3f58df]
V  [jvm.dll+0x3f7511]
C  [jli.dll+0x528f]
C  [ucrtbase.dll+0x29333]
C  [KERNEL32.DLL+0x1257d]
C  [ntdll.dll+0x5af28]


---------------  P R O C E S S  ---------------

Threads class SMR info:
_java_thread_list=0x00007ffc66caef58, length=0, elements={
}

Java Threads: ( => current thread )

Other Threads:
  0x0000027df53ef7b0 GCTaskThread "GC Thread#0" [stack: 0x0000008afbe00000,0x0000008afbf00000] [id=7860]
  0x0000027df5400260 ConcurrentGCThread "G1 Main Marker" [stack: 0x0000008afbf00000,0x0000008afc000000] [id=3348]
  0x0000027df5401330 ConcurrentGCThread "G1 Conc#0" [stack: 0x0000008afc000000,0x0000008afc100000] [id=18268]

[error occurred during error reporting (printing all threads), id 0xc0000005, EXCEPTION_ACCESS_VIOLATION (0xc0000005) at pc=0x00007ffc66463547]

VM state: not at safepoint (not fully initialized)

VM Mutex/Monitor currently owned by a thread:  ([mutex/lock_event])
[0x0000027df537e580] Heap_lock - owner thread: 0x0000027df5382fc0

Heap address: 0x0000000703a00000, size: 4038 MB, Compressed Oops mode: Zero based, Oop shift amount: 3

CDS archive(s) mapped at: [0x0000000000000000-0x0000000000000000-0x0000000000000000), size 0, SharedBaseAddress: 0x0000000800000000, ArchiveRelocationMode: 1.
Narrow klass base: 0x0000000000000000, Narrow klass shift: 0, Narrow klass range: 0x0

GC Precious Log:
<Empty>

Heap:
 garbage-first heap   total 0K, used 0K [0x0000000703a00000, 0x0000000800000000)
  region size 2048K, 0 young (0K), 0 survivors (0K)
 Metaspace       used 0K, committed 0K, reserved 0K
  class space    used 0K, committed 0K, reserved 0K

Heap Regions: E=young(eden), S=young(survivor), O=old, HS=humongous(starts), HC=humongous(continues), CS=collection set, F=free, OA=open archive, CA=closed archive, TAMS=top-at-mark-start (previous, next)

Card table byte_map: [0x0000027df9370000,0x0000027df9b60000] _byte_map_base: 0x0000027df5b53000

Marking Bits (Prev, Next): (CMBitMap*) 0x0000027df53efce0, (CMBitMap*) 0x0000027df53efd20
 Prev Bits: [0x0000027dfa350000, 0x0000027dfe268000)
 Next Bits: [0x0000027d8f000000, 0x0000027d92f18000)

GC Heap History (0 events):
No events

Dll operation events (1 events):
Event: 0.015 Loaded shared library D:\Android Studio\jbr\bin\java.dll

Deoptimization events (0 events):
No events

Classes unloaded (0 events):
No events

Classes redefined (0 events):
No events

Internal exceptions (0 events):
No events

VM Operations (0 events):
No events

Events (0 events):
No events


Dynamic libraries:
0x00007ff77d3d0000 - 0x00007ff77d3da000 	D:\Android Studio\jbr\bin\java.exe
0x00007ffcc2770000 - 0x00007ffcc2987000 	C:\WINDOWS\SYSTEM32\ntdll.dll
0x00007ffcc0740000 - 0x00007ffcc0804000 	C:\WINDOWS\System32\KERNEL32.DLL
0x00007ffcbfaa0000 - 0x00007ffcbfe4c000 	C:\WINDOWS\System32\KERNELBASE.dll
0x00007ffcc00e0000 - 0x00007ffcc01f1000 	C:\WINDOWS\System32\ucrtbase.dll
0x00007ffca91c0000 - 0x00007ffca91d7000 	D:\Android Studio\jbr\bin\jli.dll
0x00007ffca9b60000 - 0x00007ffca9b7b000 	D:\Android Studio\jbr\bin\VCRUNTIME140.dll
0x00007ffcc2090000 - 0x00007ffcc223e000 	C:\WINDOWS\System32\USER32.dll
0x00007ffcbfe50000 - 0x00007ffcbfe76000 	C:\WINDOWS\System32\win32u.dll
0x00007ffca9590000 - 0x00007ffca9823000 	C:\WINDOWS\WinSxS\amd64_microsoft.windows.common-controls_6595b64144ccf1df_6.0.22621.3672_none_2713b9d173822955\COMCTL32.dll
0x00007ffcc0fd0000 - 0x00007ffcc0ff9000 	C:\WINDOWS\System32\GDI32.dll
0x00007ffcc25d0000 - 0x00007ffcc2677000 	C:\WINDOWS\System32\msvcrt.dll
0x00007ffcbfe80000 - 0x00007ffcbff99000 	C:\WINDOWS\System32\gdi32full.dll
0x00007ffcc03e0000 - 0x00007ffcc047a000 	C:\WINDOWS\System32\msvcp_win.dll
0x00007ffcc0810000 - 0x00007ffcc0841000 	C:\WINDOWS\System32\IMM32.DLL
0x00007ffcba5f0000 - 0x00007ffcba5fc000 	D:\Android Studio\jbr\bin\vcruntime140_1.dll
0x00007ffc9c060000 - 0x00007ffc9c0ed000 	D:\Android Studio\jbr\bin\msvcp140.dll
0x00007ffc66170000 - 0x00007ffc66df3000 	D:\Android Studio\jbr\bin\server\jvm.dll
0x00007ffcc12c0000 - 0x00007ffcc1372000 	C:\WINDOWS\System32\ADVAPI32.dll
0x00007ffcc0a20000 - 0x00007ffcc0aca000 	C:\WINDOWS\System32\sechost.dll
0x00007ffcc0480000 - 0x00007ffcc04a8000 	C:\WINDOWS\System32\bcrypt.dll
0x00007ffcc1570000 - 0x00007ffcc1685000 	C:\WINDOWS\System32\RPCRT4.dll
0x00007ffcbe970000 - 0x00007ffcbe9bd000 	C:\WINDOWS\SYSTEM32\POWRPROF.dll
0x00007ffcba5e0000 - 0x00007ffcba5e9000 	C:\WINDOWS\SYSTEM32\WSOCK32.dll
0x00007ffcba4f0000 - 0x00007ffcba524000 	C:\WINDOWS\SYSTEM32\WINMM.dll
0x00007ffcc0ad0000 - 0x00007ffcc0b41000 	C:\WINDOWS\System32\WS2_32.dll
0x00007ffcb9d80000 - 0x00007ffcb9d8a000 	C:\WINDOWS\SYSTEM32\VERSION.dll
0x00007ffcbe910000 - 0x00007ffcbe923000 	C:\WINDOWS\SYSTEM32\UMPDC.dll
0x00007ffcbebc0000 - 0x00007ffcbebd8000 	C:\WINDOWS\SYSTEM32\kernel.appcore.dll
0x00007ffcb7fe0000 - 0x00007ffcb7fea000 	D:\Android Studio\jbr\bin\jimage.dll
0x00007ffcbd320000 - 0x00007ffcbd552000 	C:\WINDOWS\SYSTEM32\DBGHELP.DLL
0x00007ffcc2240000 - 0x00007ffcc25c8000 	C:\WINDOWS\System32\combase.dll
0x00007ffcc1fa0000 - 0x00007ffcc2077000 	C:\WINDOWS\System32\OLEAUT32.dll
0x00007ffc98e70000 - 0x00007ffc98ea2000 	C:\WINDOWS\SYSTEM32\dbgcore.DLL
0x00007ffcc0060000 - 0x00007ffcc00db000 	C:\WINDOWS\System32\bcryptPrimitives.dll
0x00007ffcb7ef0000 - 0x00007ffcb7f15000 	D:\Android Studio\jbr\bin\java.dll

dbghelp: loaded successfully - version: 4.0.5 - missing functions: none
symbol engine: initialized successfully - sym options: 0x614 - pdb path: .;D:\Android Studio\jbr\bin;C:\WINDOWS\SYSTEM32;C:\WINDOWS\WinSxS\amd64_microsoft.windows.common-controls_6595b64144ccf1df_6.0.22621.3672_none_2713b9d173822955;D:\Android Studio\jbr\bin\server

VM Arguments:
java_command: git4idea.http.GitAskPassApp Username for 'https://github.com': 
java_class_path (initial): D:/Android Studio/plugins/vcs-git/lib/git4idea-rt.jar;D:/Android Studio/lib/externalProcess-rt.jar
Launcher Type: SUN_STANDARD

[Global flags]
     intx CICompilerCount                          = 4                                         {product} {ergonomic}
     uint ConcGCThreads                            = 2                                         {product} {ergonomic}
     uint G1ConcRefinementThreads                  = 8                                         {product} {ergonomic}
   size_t G1HeapRegionSize                         = 2097152                                   {product} {ergonomic}
    uintx GCDrainStackTargetSize                   = 64                                        {product} {ergonomic}
   size_t InitialHeapSize                          = 266338304                                 {product} {ergonomic}
   size_t MarkStackSize                            = 4194304                                   {product} {ergonomic}
   size_t MaxHeapSize                              = 4234149888                                {product} {ergonomic}
   size_t MinHeapDeltaBytes                        = 2097152                                   {product} {ergonomic}
   size_t MinHeapSize                              = 8388608                                   {product} {ergonomic}
    uintx NonNMethodCodeHeapSize                   = 5839372                                {pd product} {ergonomic}
    uintx NonProfiledCodeHeapSize                  = 122909434                              {pd product} {ergonomic}
    uintx ProfiledCodeHeapSize                     = 122909434                              {pd product} {ergonomic}
    uintx ReservedCodeCacheSize                    = 251658240                              {pd product} {ergonomic}
     bool SegmentedCodeCache                       = true                                      {product} {ergonomic}
   size_t SoftMaxHeapSize                          = 4234149888                             {manageable} {ergonomic}
     bool UseCompressedClassPointers               = true                           {product lp64_product} {ergonomic}
     bool UseCompressedOops                        = true                           {product lp64_product} {ergonomic}
     bool UseG1GC                                  = true                                      {product} {ergonomic}
     bool UseLargePagesIndividualAllocation        = false                                  {pd product} {ergonomic}

Logging:
Log output configuration:
 #0: stdout all=warning uptime,level,tags
 #1: stderr all=off uptime,level,tags

Environment Variables:
PATH=D:\git\Git\mingw64\libexec\git-core;D:\git\Git\mingw64\libexec\git-core;D:\git\Git\mingw64\bin;D:\git\Git\usr\bin;C:\Users\Admin\bin;C:\Program Files\Microsoft\jdk-11.0.16.101-hotspot\bin;C:\Program Files\Common Files\Oracle\Java\javapath;C:\WINDOWS\system32;C:\WINDOWS;C:\WINDOWS\System32\Wbem;C:\WINDOWS\System32\WindowsPowerShell\v1.0;C:\WINDOWS\System32\OpenSSH;C:\Program Files\NVIDIA Corporation\NVIDIA NvDLISR;C:\Program Files (x86)\NVIDIA Corporation\PhysX\Common;D:\jdk-19\bin;C:\Program Files\dotnet;C:\Program Files\Microsoft SQL Server\150\Tools\Binn;C:\Program Files\Microsoft SQL Server\Client SDK\ODBC\170\Tools\Binn;C:\Program Files (x86)\Microsoft SQL Server\160\Tools\Binn;C:\Program Files\Microsoft SQL Server\160\Tools\Binn;C:\Program Files\Microsoft SQL Server\160\DTS\Binn;C:\Program Files (x86)\Microsoft SQL Server\160\DTS\Binn;C:\Program Files\Azure Data Studio\bin;C:\Program Files\nodejs;D:\git\Git\cmd;C:\Program Files\MySQL\MySQL Shell 8.0\bin;C:\Users\Admin\AppData\Local\Microsoft\WindowsApps;D:\Microsoft VS Code\bin;C:\Users\Admin\.dotnet\tools;C:\Program Files\Azure Data Studio\bin;C:\Users\Admin\AppData\Local\Programs\Fiddler;C:\Users\Admin\AppData\Local\Microsoft\WindowsApps;C:\Users\Admin\AppData\Roaming\npm;C:\Users\Admin\.dotnet\tools
USERNAME=Admin
DISPLAY=:0.0
LC_ALL=en_US.UTF-8
TERM=xterm-256color
TMPDIR=C:\Users\Admin\AppData\Local\Temp
OS=Windows_NT
PROCESSOR_IDENTIFIER=Intel64 Family 6 Model 126 Stepping 5, GenuineIntel
TMP=C:\Users\Admin\AppData\Local\Temp
TEMP=C:\Users\Admin\AppData\Local\Temp



Periodic native trim disabled

JNI global refs:
JNI global refs: 0, weak refs: 0

JNI global refs memory usage: 0, weak refs: 0

OOME stack traces (most recent first):
Classloader memory used:


---------------  S Y S T E M  ---------------

OS:
 Windows 11 , 64 bit Build 22621 (10.0.22621.3672)
OS uptime: 0 days 4:56 hours

CPU: total 8 (initial active 8) (4 cores per cpu, 2 threads per core) family 6 model 126 stepping 5 microcode 0xc2, cx8, cmov, fxsr, ht, mmx, 3dnowpref, sse, sse2, sse3, ssse3, sse4.1, sse4.2, popcnt, lzcnt, tsc, tscinvbit, avx, avx2, aes, erms, clmul, bmi1, bmi2, adx, avx512f, avx512dq, avx512cd, avx512bw, avx512vl, sha, fma, vzeroupper, avx512_vpopcntdq, avx512_vpclmulqdq, avx512_vaes, avx512_vnni, clflush, clflushopt, avx512_vbmi2, avx512_vbmi
Processor Information for all 8 processors :
  Max Mhz: 1498, Current Mhz: 1298, Mhz Limit: 1288

Memory: 4k page, system-wide physical 16151M (2301M free)
TotalPageFile size 20247M (AvailPageFile size 214M)
current process WorkingSet (physical memory assigned to process): 11M, peak: 11M
current process commit charge ("private bytes"): 60M, peak: 314M

vm_info: OpenJDK 64-Bit Server VM (17.0.10+0--11572160) for windows-amd64 JRE (17.0.10+0--11572160), built on Mar 13 2024 23:56:38 by "androidbuild" with MS VC++ 16.10 / 16.11 (VS2019)

END.
